<?xml version="1.0" encoding="UTF-8"?>
<!-- Generated by org.testng.reporters.JUnitReportReporter -->
<testsuite hostname="manasa-PC" failures="0" tests="1" name="Runner.TestRunner3" time="131.360" errors="0" timestamp="2020-05-06T00:48:18 IST" skipped="0">
  <testcase classname="Runner.TestRunner3" name="login" time="131.360"/>
  <system-out/>
</testsuite> <!-- Runner.TestRunner3 -->
