<?xml version="1.0" encoding="UTF-8"?>
<!-- Generated by org.testng.reporters.JUnitReportReporter -->
<testsuite hostname="manasa-PC" failures="0" tests="1" name="Runner.TestRunner1" time="75.847" errors="0" timestamp="2020-05-06T00:48:18 IST" skipped="0">
  <testcase classname="Runner.TestRunner1" name="login" time="75.847"/>
  <system-out/>
</testsuite> <!-- Runner.TestRunner1 -->
